# JRE version: Java(TM) SE Runtime Environment (9.0+11) (build 9.0.4+11)
# Java VM: Java HotSpot(TM) 64-Bit Server VM (9.0.4+11, mixed mode, tiered, compressed oops, g1 gc, windows-amd64)
Heap:
 garbage-first heap   total 385024K, used 133693K [0x0000000700000000, 0x0000000700100bc0, 0x00000007c0000000)
  region size 1024K, 16 young (16384K), 5 survivors (5120K)
 Metaspace       used 91770K, capacity 93645K, committed 101884K, reserved 1136640K
  class space    used 12495K, capacity 12879K, committed 14588K, reserved 1048576K
GC Heap History (10 events):
Event: 169025.515 GC heap before
{Heap before GC invocations=21105 (full 146):
 garbage-first heap   total 385024K, used 179169K [0x0000000700000000, 0x0000000700100bc0, 0x00000007c0000000)
  region size 1024K, 60 young (61440K), 5 survivors (5120K)
 Metaspace       used 91544K, capacity 93267K, committed 101628K, reserved 1136640K
  class space    used 12435K, capacity 12824K, committed 14588K, reserved 1048576K
}
Event: 169025.519 GC heap after
{Heap after GC invocations=21106 (full 146):
 garbage-first heap   total 385024K, used 123004K [0x0000000700000000, 0x0000000700100bc0, 0x00000007c0000000)
  region size 1024K, 5 young (5120K), 5 survivors (5120K)
 Metaspace       used 91544K, capacity 93267K, committed 101628K, reserved 1136640K
  class space    used 12435K, capacity 12824K, committed 14588K, reserved 1048576K
}
Event: 169036.252 GC heap before
{Heap before GC invocations=21106 (full 146):
 garbage-first heap   total 385024K, used 179324K [0x0000000700000000, 0x0000000700100bc0, 0x00000007c0000000)
  region size 1024K, 60 young (61440K), 5 survivors (5120K)
 Metaspace       used 91544K, capacity 93267K, committed 101628K, reserved 1136640K
  class space    used 12435K, capacity 12824K, committed 14588K, reserved 1048576K
}
Event: 169036.257 GC heap after
{Heap after GC invocations=21107 (full 146):
 garbage-first heap   total 385024K, used 122826K [0x0000000700000000, 0x0000000700100bc0, 0x00000007c0000000)
  region size 1024K, 5 young (5120K), 5 survivors (5120K)
 Metaspace       used 91544K, capacity 93267K, committed 101628K, reserved 1136640K
  class space    used 12435K, capacity 12824K, committed 14588K, reserved 1048576K
}
Event: 169043.660 GC heap before
{Heap before GC invocations=21107 (full 146):
 garbage-first heap   total 385024K, used 179146K [0x0000000700000000, 0x0000000700100bc0, 0x00000007c0000000)
  region size 1024K, 60 young (61440K), 5 survivors (5120K)
 Metaspace       used 91544K, capacity 93267K, committed 101628K, reserved 1136640K
  class space    used 12435K, capacity 12824K, committed 14588K, reserved 1048576K
}
Event: 169043.665 GC heap after
{Heap after GC invocations=21108 (full 146):
 garbage-first heap   total 385024K, used 122567K [0x0000000700000000, 0x0000000700100bc0, 0x00000007c0000000)
  region size 1024K, 4 young (4096K), 4 survivors (4096K)
 Metaspace       used 91544K, capacity 93267K, committed 101628K, reserved 1136640K
  class space    used 12435K, capacity 12824K, committed 14588K, reserved 1048576K
}
Event: 169069.385 GC heap before
{Heap before GC invocations=21108 (full 146):
 garbage-first heap   total 385024K, used 179911K [0x0000000700000000, 0x0000000700100bc0, 0x00000007c0000000)
  region size 1024K, 60 young (61440K), 4 survivors (4096K)
 Metaspace       used 91544K, capacity 93267K, committed 101628K, reserved 1136640K
  class space    used 12435K, capacity 12824K, committed 14588K, reserved 1048576K
}
Event: 169069.389 GC heap after
{Heap after GC invocations=21109 (full 146):
 garbage-first heap   total 385024K, used 122840K [0x0000000700000000, 0x0000000700100bc0, 0x00000007c0000000)
  region size 1024K, 5 young (5120K), 5 survivors (5120K)
 Metaspace       used 91544K, capacity 93267K, committed 101628K, reserved 1136640K
  class space    used 12435K, capacity 12824K, committed 14588K, reserved 1048576K
}
Event: 169173.991 GC heap before
{Heap before GC invocations=21109 (full 146):
 garbage-first heap   total 385024K, used 179160K [0x0000000700000000, 0x0000000700100bc0, 0x00000007c0000000)
  region size 1024K, 60 young (61440K), 5 survivors (5120K)
 Metaspace       used 91767K, capacity 93639K, committed 101884K, reserved 1136640K
  class space    used 12494K, capacity 12878K, committed 14588K, reserved 1048576K
}
Event: 169173.996 GC heap after
{Heap after GC invocations=21110 (full 146):
 garbage-first heap   total 385024K, used 123453K [0x0000000700000000, 0x0000000700100bc0, 0x00000007c0000000)
  region size 1024K, 5 young (5120K), 5 survivors (5120K)
 Metaspace       used 91767K, capacity 93639K, committed 101884K, reserved 1136640K
  class space    used 12494K, capacity 12878K, committed 14588K, reserved 1048576K
}

